<?xml version="1.0" encoding="UTF-8"?>
<testng-results ignored="0" total="1" passed="1" failed="0" skipped="0">
  <reporter-output>
  </reporter-output>
  <suite started-at="2024-03-06T18:13:06 EET" name="Default suite" finished-at="2024-03-06T18:13:06 EET" duration-ms="73">
    <groups>
    </groups>
    <test started-at="2024-03-06T18:13:06 EET" name="Default test" finished-at="2024-03-06T18:13:06 EET" duration-ms="73">
      <class name="JavaBasic.JavaClass">
        <test-method is-config="true" signature="myBeforeTest()[pri:0, instance:JavaBasic.JavaClass@209da20d]" started-at="2024-03-06T18:13:06 EET" name="myBeforeTest" finished-at="2024-03-06T18:13:06 EET" duration-ms="10" status="PASS">
          <reporter-output>
          </reporter-output>
        </test-method> <!-- myBeforeTest -->
        <test-method signature="firstTest()[pri:0, instance:JavaBasic.JavaClass@209da20d]" started-at="2024-03-06T18:13:06 EET" name="firstTest" finished-at="2024-03-06T18:13:06 EET" duration-ms="15" status="PASS">
          <reporter-output>
          </reporter-output>
        </test-method> <!-- firstTest -->
      </class> <!-- JavaBasic.JavaClass -->
    </test> <!-- Default test -->
  </suite> <!-- Default suite -->
</testng-results>
